update|更新了系统设置|2025-07-23 07:45:02
update|更新了系统设置|2025-07-23 07:57:25
update|更新了系统设置|2025-07-23 08:00:20
update|更新了系统设置|2025-07-23 08:00:22
update|更新了系统设置|2025-07-23 08:35:41
update|更新了系统设置|2025-07-23 08:37:43
login|admin 登录系统|2025-07-23 09:12:53
update|更新了系统设置|2025-07-23 09:13:36
update|更新了系统设置|2025-07-23 09:14:21
update|更新了系统设置|2025-07-23 09:19:21
login|admin 登录系统|2025-07-23 10:06:51
update|更新了系统设置|2025-07-23 10:07:09
login|admin 登录系统|2025-07-23 10:14:43
update|更新了系统设置|2025-07-23 10:29:37
login|admin 登录系统|2025-07-23 10:39:46
update|更新了系统设置|2025-07-23 10:39:53
update|更新了博客文章|2025-07-23 10:40:08
login|admin 登录系统|2025-07-23 10:44:49
update|更新了系统设置|2025-07-23 10:45:09
update|更新了系统设置|2025-07-23 10:51:17
update|更新了系统设置|2025-07-23 10:51:35
update|更新了系统设置|2025-07-23 10:51:58
login|admin 登录系统|2025-07-23 10:58:41
update|更新了系统设置|2025-07-23 10:58:47
update|更新了系统设置|2025-07-23 11:00:14
update|更新了系统设置|2025-07-23 11:00:42
login|admin 登录系统|2025-07-23 15:27:04
login|admin 登录系统|2025-07-23 15:33:01
update|更新了项目列表|2025-07-23 15:35:04
update|更新了项目列表|2025-07-23 15:35:39
update|更新了项目列表|2025-07-23 15:36:09
update|更新了博客文章|2025-07-23 15:36:56
update|更新了系统设置|2025-07-23 16:45:49
update|更新了系统设置|2025-07-23 16:47:18
update|更新了系统设置|2025-07-23 16:50:25
update|更新了系统设置|2025-07-23 16:55:10
update|更新了系统设置|2025-07-23 16:56:25
update|更新了系统设置|2025-07-23 16:57:08
login|admin 登录系统|2025-07-23 22:54:32
update|更新了主题设置|2025-07-23 22:55:23
update|更新了布局模板|2025-07-23 22:56:09
login|admin 登录系统|2025-07-23 23:07:12
update|更新了系统设置|2025-07-23 23:33:23
update|更新了主题设置|2025-07-23 23:33:53
update|更新了系统设置|2025-07-23 23:34:03
update|更新了系统设置|2025-07-23 23:34:20
update|更新了布局模板|2025-07-23 23:46:08
update|更新了布局模板|2025-07-23 23:47:35
update|更新了系统设置|2025-07-23 23:47:47
update|更新了系统设置|2025-07-24 00:34:22
update|更新了系统设置|2025-07-24 00:34:26
update|更新了系统设置|2025-07-24 00:34:36
update|更新了系统设置|2025-07-24 00:38:19
update|更新了系统设置|2025-07-24 00:38:26
update|更新了系统设置|2025-07-24 00:38:29
update|更新了系统设置|2025-07-24 00:38:30
update|更新了系统设置|2025-07-24 00:38:32
update|更新了系统设置|2025-07-24 00:38:34
update|更新了系统设置|2025-07-24 00:45:36
update|更新了系统设置|2025-07-24 00:45:38
update|更新了系统设置|2025-07-24 00:45:40
update|更新了系统设置|2025-07-24 00:58:32
update|更新了系统设置|2025-07-24 00:58:36
update|更新了系统设置|2025-07-24 00:58:37
update|更新了系统设置|2025-07-24 00:58:39
update|更新了系统设置|2025-07-24 00:58:52
update|更新了系统设置|2025-07-24 00:59:09
update|更新了系统设置|2025-07-24 01:04:23
update|更新了系统设置|2025-07-24 01:04:28
update|更新了系统设置|2025-07-24 01:04:29
update|更新了系统设置|2025-07-24 01:04:31
update|更新了系统设置|2025-07-24 01:04:31
update|更新了主题设置|2025-07-24 01:05:23
update|更新了系统设置|2025-07-24 01:05:35
update|更新了系统设置|2025-07-24 01:06:06
update|更新了系统设置|2025-07-24 01:06:26
update|更新了系统设置|2025-07-24 01:06:28
update|更新了布局模板|2025-07-24 01:06:58
update|更新了系统设置|2025-07-24 01:07:09
update|更新了布局模板|2025-07-24 01:11:36
update|更新了系统设置|2025-07-24 01:11:50
update|更新了系统设置|2025-07-24 01:12:45
update|更新了系统设置|2025-07-24 01:12:47
update|更新了系统设置|2025-07-24 01:12:50
update|更新了系统设置|2025-07-24 01:12:52
login|admin 登录系统|2025-07-24 01:13:33
update|更新了系统设置|2025-07-24 01:13:42
update|更新了系统设置|2025-07-24 01:13:51
update|更新了系统设置|2025-07-24 01:13:52
update|更新了系统设置|2025-07-24 01:13:54
update|更新了系统设置|2025-07-24 01:14:01
update|更新了系统设置|2025-07-24 01:14:06
update|更新了系统设置|2025-07-24 01:14:08
update|更新了系统设置|2025-07-24 01:15:17
update|更新了系统设置|2025-07-24 01:15:23
update|更新了系统设置|2025-07-24 01:15:25
update|更新了系统设置|2025-07-24 01:15:28
login|admin 登录系统|2025-07-24 16:52:10
update|更新了系统设置|2025-07-24 16:52:41
login|admin 登录系统|2025-07-28 17:22:42
update|更新了系统设置|2025-07-28 17:22:56
login|admin 登录系统|2025-07-28 17:30:04
login|admin 登录系统|2025-07-28 18:17:46
update|更新了系统设置|2025-07-28 18:21:47
update|更新了系统设置|2025-07-28 18:29:27
update|更新了系统设置|2025-07-28 18:29:30
update|更新了系统设置|2025-07-28 18:33:09
login|admin 登录系统|2025-07-28 18:56:52
update|更新了系统设置|2025-07-28 18:58:43
update|更新了系统设置|2025-07-28 18:58:57
update|更新了系统设置|2025-07-28 18:59:11
update|更新了系统设置|2025-07-28 18:59:16
update|更新了系统设置|2025-07-28 18:59:31
login|admin 登录系统|2025-07-28 19:10:29
update|更新了系统设置|2025-07-28 19:10:36
update|更新了系统设置|2025-07-28 19:28:37
login|admin 登录系统|2025-07-28 19:29:04
update|更新了系统设置|2025-07-28 19:29:07
update|更新了系统设置|2025-07-28 19:29:18
update|更新了系统设置|2025-07-28 19:29:30
update|更新了系统设置|2025-07-28 19:34:21
update|更新了系统设置|2025-07-28 19:34:40
update|更新了系统设置|2025-07-28 19:34:44
update|更新了系统设置|2025-07-28 19:34:49
update|更新了系统设置|2025-07-28 19:34:54
update|更新了系统设置|2025-07-28 19:34:56
login|admin 登录系统|2025-07-28 20:00:14
update|更新了系统设置|2025-07-28 20:00:37
update|更新了系统设置|2025-07-28 20:00:58
update|更新了系统设置|2025-07-28 20:01:23
update|更新了系统设置|2025-07-28 20:01:53
update|更新了系统设置|2025-07-28 20:02:16
update|更新了系统设置|2025-07-28 20:02:19
update|更新了系统设置|2025-07-28 20:02:22
update|更新了系统设置|2025-07-28 20:02:34
login|admin 登录系统|2025-07-28 20:26:51
login|admin 登录系统|2025-07-28 21:13:00
update|更新了系统设置|2025-07-28 21:13:18
update|更新了系统设置|2025-07-28 21:13:56
update|更新了系统设置|2025-07-28 21:14:34
update|更新了系统设置|2025-07-28 21:14:57
update|更新了系统设置|2025-07-28 21:19:48
login|admin 登录系统|2025-07-28 21:38:19
login|admin 登录系统|2025-07-28 21:55:01
update|更新了系统设置|2025-07-28 21:55:11
login|admin 登录系统|2025-07-28 22:04:17
update|更新了系统设置|2025-07-28 22:04:28
login|admin 登录系统|2025-07-28 22:48:04
update|更新了系统设置|2025-07-29 02:30:18
login|admin 登录系统|2025-07-29 03:04:20
update|更新了系统设置|2025-07-29 03:04:26
update|更新了系统设置|2025-07-29 03:06:20
login|admin 登录系统|2025-07-29 04:22:06
update|更新了系统设置|2025-07-29 04:25:48
update|更新了系统设置|2025-07-29 04:25:58
update|更新了系统设置|2025-07-29 04:26:40
update|更新了系统设置|2025-07-29 04:26:54
update|更新了系统设置|2025-07-29 04:27:04
login|admin 登录系统|2025-07-29 05:37:06
login|admin 登录系统|2025-07-29 06:13:09
update|更新了主题设置|2025-07-29 06:45:56
update|更新了主题设置|2025-07-29 07:13:33
update|更新了主题设置|2025-07-29 07:19:00
update|更新了主题设置|2025-07-29 07:19:03
update|更新了主题设置|2025-07-29 07:19:05
login|admin 登录系统|2025-07-29 07:35:00
update|更新了主题设置|2025-07-29 07:35:10
update|更新了主题设置|2025-07-29 07:41:42
update|更新了主题设置|2025-07-29 07:42:06
update|更新了主题设置|2025-07-29 07:47:44
update|更新了主题设置|2025-07-29 07:52:49
update|更新了主题设置|2025-07-29 07:52:56
update|更新了主题设置|2025-07-29 07:52:57
update|更新了主题设置|2025-07-29 07:52:58
update|更新了主题设置|2025-07-29 07:53:00
login|admin 登录系统|2025-07-29 07:55:20
login|admin 登录系统|2025-07-29 08:03:40
update|更新了布局设置|2025-07-29 08:03:53
update|更新了主题设置|2025-07-29 08:05:33
update|更新了主题设置|2025-07-29 08:05:35
update|更新了主题设置|2025-07-29 08:05:36
update|更新了布局设置|2025-07-29 08:05:40
update|更新了布局设置|2025-07-29 08:05:42
update|更新了主题设置|2025-07-29 08:06:54
update|更新了布局设置|2025-07-29 08:06:57
update|更新了主题设置|2025-07-29 08:11:10
update|更新了布局设置|2025-07-29 08:11:13
update|更新了主题设置|2025-07-29 08:13:13
update|更新了主题设置|2025-07-29 08:13:16
update|更新了主题设置|2025-07-29 09:00:13
login|admin 登录系统|2025-07-29 09:06:16
update|更新了网站导航|2025-07-29 09:06:39
update|更新了项目列表|2025-07-29 09:06:57
update|更新了博客文章|2025-07-29 09:07:20
update|删除了主题: theme-glass|2025-07-29 09:09:13
update|上传了新主题: theme-68888fe8027e9.css|2025-07-29 09:10:00
update|生成了随机主题: theme-random-68889029738c7.css|2025-07-29 09:11:05
login|admin 登录系统|2025-07-29 09:44:22
login|admin 登录系统|2025-07-29 10:07:30
login|admin 登录系统|2025-07-29 12:26:08
update|更新了主题设置|2025-07-29 12:38:47
update|更新了主题设置|2025-07-29 12:39:01
update|更新了软件作品|2025-07-29 12:40:28
update|更新了主题设置|2025-07-29 12:40:40
update|更新了主题CSS|2025-07-29 12:40:43
update|更新了主题CSS|2025-07-29 12:41:13
